This is pdfTeX, Version 3.1415926-1.40.10 (TeX Live 2009/Debian) (format=latex 2013.2.3)  29 MAR 2014 14:42
entering extended mode
 %&-line parsing enabled.
**autoencoder_ppsn.tex
(./autoencoder_ppsn.tex
LaTeX2e <2009/09/24>
Babel <v3.8l> and hyphenation patterns for english, usenglishmax, dumylang, noh
yphenation, loaded.
(./llncs.cls
Document Class: llncs 2013/09/27 v2.18 
 LaTeX document class for Lecture Notes in Computer Science
(/usr/share/texmf-texlive/tex/latex/base/article.cls
Document Class: article 2007/10/19 v1.4h Standard LaTeX document class
(/usr/share/texmf-texlive/tex/latex/base/size10.clo
File: size10.clo 2007/10/19 v1.4h Standard LaTeX file (size option)
)
\c@part=\count79
\c@section=\count80
\c@subsection=\count81
\c@subsubsection=\count82
\c@paragraph=\count83
\c@subparagraph=\count84
\c@figure=\count85
\c@table=\count86
\abovecaptionskip=\skip41
\belowcaptionskip=\skip42
\bibindent=\dimen102
)
(/usr/share/texmf-texlive/tex/latex/tools/multicol.sty
Package: multicol 2008/12/05 v1.6h multicolumn formatting (FMi)
\c@tracingmulticols=\count87
\mult@box=\box26
\multicol@leftmargin=\dimen103
\c@unbalance=\count88
\c@collectmore=\count89
\doublecol@number=\count90
\multicoltolerance=\count91
\multicolpretolerance=\count92
\full@width=\dimen104
\page@free=\dimen105
\premulticols=\dimen106
\postmulticols=\dimen107
\multicolsep=\skip43
\multicolbaselineskip=\skip44
\partial@page=\box27
\last@line=\box28
\mult@rightbox=\box29
\mult@grightbox=\box30
\mult@gfirstbox=\box31
\mult@firstbox=\box32
\@tempa=\box33
\@tempa=\box34
\@tempa=\box35
\@tempa=\box36
\@tempa=\box37
\@tempa=\box38
\@tempa=\box39
\@tempa=\box40
\@tempa=\box41
\@tempa=\box42
\@tempa=\box43
\@tempa=\box44
\@tempa=\box45
\@tempa=\box46
\@tempa=\box47
\@tempa=\box48
\@tempa=\box49
\c@columnbadness=\count93
\c@finalcolumnbadness=\count94
\last@try=\dimen108
\multicolovershoot=\dimen109
\multicolundershoot=\dimen110
\mult@nat@firstbox=\box50
\colbreak@box=\box51
) (./aliascnt.sty
Package: aliascnt 2009/09/08 v1.3 Alias counter (HO)

(./remreset.sty))
\c@chapter=\count95
LaTeX Font Info:    Redeclaring math symbol \Gamma on input line 362.
LaTeX Font Info:    Redeclaring math symbol \Delta on input line 363.
LaTeX Font Info:    Redeclaring math symbol \Theta on input line 364.
LaTeX Font Info:    Redeclaring math symbol \Lambda on input line 365.
LaTeX Font Info:    Redeclaring math symbol \Xi on input line 366.
LaTeX Font Info:    Redeclaring math symbol \Pi on input line 367.
LaTeX Font Info:    Redeclaring math symbol \Sigma on input line 368.
LaTeX Font Info:    Redeclaring math symbol \Upsilon on input line 369.
LaTeX Font Info:    Redeclaring math symbol \Phi on input line 370.
LaTeX Font Info:    Redeclaring math symbol \Psi on input line 371.
LaTeX Font Info:    Redeclaring math symbol \Omega on input line 372.
\tocchpnum=\dimen111
\tocsecnum=\dimen112
\tocsectotal=\dimen113
\tocsubsecnum=\dimen114
\tocsubsectotal=\dimen115
\tocsubsubsecnum=\dimen116
\tocsubsubsectotal=\dimen117
\tocparanum=\dimen118
\tocparatotal=\dimen119
\tocsubparanum=\dimen120
\@tempcntc=\count96
\fnindent=\dimen121
\c@@inst=\count97
\c@@auth=\count98
\c@auco=\count99
\instindent=\dimen122
\authrun=\box52
\authorrunning=\toks14
\tocauthor=\toks15
\titrun=\box53
\titlerunning=\toks16
\toctitle=\toks17
\c@theorem=\count100
\c@case=\count101
\c@conjecture=\count102
\c@corollary=\count103
\c@definition=\count104
\c@example=\count105
\c@exercise=\count106
\c@lemma=\count107
\c@note=\count108
\c@problem=\count109
\c@property=\count110
\c@proposition=\count111
\c@question=\count112
\c@solution=\count113
\c@remark=\count114
\headlineindent=\dimen123
) (/usr/share/texmf-texlive/tex/latex/amsfonts/amssymb.sty
Package: amssymb 2009/06/22 v3.00

(/usr/share/texmf-texlive/tex/latex/amsfonts/amsfonts.sty
Package: amsfonts 2009/06/22 v3.00 Basic AMSFonts support
\@emptytoks=\toks18
\symAMSa=\mathgroup4
\symAMSb=\mathgroup5
LaTeX Font Info:    Overwriting math alphabet `\mathfrak' in version `bold'
(Font)                  U/euf/m/n --> U/euf/b/n on input line 96.
))
(/usr/share/texmf-texlive/tex/latex/amsmath/amsmath.sty
Package: amsmath 2000/07/18 v2.13 AMS math features
\@mathmargin=\skip45

For additional information on amsmath, use the `?' option.
(/usr/share/texmf-texlive/tex/latex/amsmath/amstext.sty
Package: amstext 2000/06/29 v2.01

(/usr/share/texmf-texlive/tex/latex/amsmath/amsgen.sty
File: amsgen.sty 1999/11/30 v2.0
\@emptytoks=\toks19
\ex@=\dimen124
))
(/usr/share/texmf-texlive/tex/latex/amsmath/amsbsy.sty
Package: amsbsy 1999/11/29 v1.2d
\pmbraise@=\dimen125
)
(/usr/share/texmf-texlive/tex/latex/amsmath/amsopn.sty
Package: amsopn 1999/12/14 v2.01 operator names
)
\inf@bad=\count115
LaTeX Info: Redefining \frac on input line 211.
\uproot@=\count116
\leftroot@=\count117
LaTeX Info: Redefining \overline on input line 307.
\classnum@=\count118
\DOTSCASE@=\count119
LaTeX Info: Redefining \ldots on input line 379.
LaTeX Info: Redefining \dots on input line 382.
LaTeX Info: Redefining \cdots on input line 467.
\Mathstrutbox@=\box54
\strutbox@=\box55
\big@size=\dimen126
LaTeX Font Info:    Redeclaring font encoding OML on input line 567.
LaTeX Font Info:    Redeclaring font encoding OMS on input line 568.


Package amsmath Warning: Unable to redefine math accent \vec.

\macc@depth=\count120
\c@MaxMatrixCols=\count121
\dotsspace@=\muskip10
\c@parentequation=\count122
\dspbrk@lvl=\count123
\tag@help=\toks20
\row@=\count124
\column@=\count125
\maxfields@=\count126
\andhelp@=\toks21
\eqnshift@=\dimen127
\alignsep@=\dimen128
\tagshift@=\dimen129
\tagwidth@=\dimen130
\totwidth@=\dimen131
\lineht@=\dimen132
\@envbody=\toks22
\multlinegap=\skip46
\multlinetaggap=\skip47
\mathdisplay@stack=\toks23
LaTeX Info: Redefining \[ on input line 2666.
LaTeX Info: Redefining \] on input line 2667.
) (/usr/share/texmf-texlive/tex/latex/graphics/graphicx.sty
Package: graphicx 1999/02/16 v1.0f Enhanced LaTeX Graphics (DPC,SPQR)

(/usr/share/texmf-texlive/tex/latex/graphics/keyval.sty
Package: keyval 1999/03/16 v1.13 key=value parser (DPC)
\KV@toks@=\toks24
)
(/usr/share/texmf-texlive/tex/latex/graphics/graphics.sty
Package: graphics 2009/02/05 v1.0o Standard LaTeX Graphics (DPC,SPQR)

(/usr/share/texmf-texlive/tex/latex/graphics/trig.sty
Package: trig 1999/03/16 v1.09 sin cos tan (DPC)
)
(/etc/texmf/tex/latex/config/graphics.cfg
File: graphics.cfg 2009/08/28 v1.8 graphics configuration of TeX Live
)
Package graphics Info: Driver file: dvips.def on input line 91.

(/usr/share/texmf-texlive/tex/latex/graphics/dvips.def
File: dvips.def 1999/02/16 v3.0i Driver-dependant file (DPC,SPQR)
))
\Gin@req@height=\dimen133
\Gin@req@width=\dimen134
) (./subfigure.sty
Package: subfigure 2002/07/30 v2.1.4 subfigure package
\subfigtopskip=\skip48
\subfigcapskip=\skip49
\subfigcaptopadj=\dimen135
\subfigbottomskip=\skip50
\subfigcapmargin=\dimen136
\subfiglabelskip=\skip51
\c@subfigure=\count127
\c@lofdepth=\count128
\c@subtable=\count129
\c@lotdepth=\count130
\subfig@top=\skip52
\subfig@bottom=\skip53
)
(/usr/share/texmf-texlive/tex/latex/caption/caption.sty
Package: caption 2009/10/09 v3.1k Customizing captions (AR)

(/usr/share/texmf-texlive/tex/latex/caption/caption3.sty
Package: caption3 2009/10/09 v3.1k caption3 kernel (AR)
\captionmargin=\dimen137
\captionmargin@=\dimen138
\captionwidth=\dimen139
\caption@indent=\dimen140
\caption@parindent=\dimen141
\caption@hangindent=\dimen142
Package caption Info: Unknown document class (or package),
(caption)             standard defaults will be used on input line 1068.
)

Package caption Warning: Unsupported document class (or package) detected,
(caption)                usage of the caption package is not recommended.
See the caption package documentation for explanation.

Package caption Info: \@makecaption = \long macro:#1#2->\small \vskip \abovecap
tionskip \sbox \@tempboxa {{\bfseries #1.} #2}\ifdim \wd \@tempboxa >\hsize {\b
fseries #1.} #2\par \else \global \@minipagefalse \hb@xt@ \hsize {\hfil \box \@
tempboxa \hfil }\fi \vskip \belowcaptionskip .
\c@ContinuedFloat=\count131
Package caption Info: subfigure package is loaded.
) (/usr/share/texmf-texlive/tex/latex/ltxmisc/url.sty
\Urlmuskip=\muskip11
Package: url 2006/04/12  ver 3.3  Verb mode for urls, etc.
) (./autoencoder_ppsn.aux

LaTeX Warning: Label `figure:8bithiff' multiply defined.

)
\openout1 = `autoencoder_ppsn.aux'.

LaTeX Font Info:    Checking defaults for OML/cmm/m/it on input line 32.
LaTeX Font Info:    ... okay on input line 32.
LaTeX Font Info:    Checking defaults for T1/cmr/m/n on input line 32.
LaTeX Font Info:    ... okay on input line 32.
LaTeX Font Info:    Checking defaults for OT1/cmr/m/n on input line 32.
LaTeX Font Info:    ... okay on input line 32.
LaTeX Font Info:    Checking defaults for OMS/cmsy/m/n on input line 32.
LaTeX Font Info:    ... okay on input line 32.
LaTeX Font Info:    Checking defaults for OMX/cmex/m/n on input line 32.
LaTeX Font Info:    ... okay on input line 32.
LaTeX Font Info:    Checking defaults for U/cmr/m/n on input line 32.
LaTeX Font Info:    ... okay on input line 32.
Package caption Info: Begin \AtBeginDocument code.
Package caption Info: End \AtBeginDocument code.
LaTeX Font Info:    Try loading font information for U+msa on input line 69.
 (/usr/share/texmf-texlive/tex/latex/amsfonts/umsa.fd
File: umsa.fd 2009/06/22 v3.00 AMS symbols A
)
LaTeX Font Info:    Try loading font information for U+msb on input line 69.

(/usr/share/texmf-texlive/tex/latex/amsfonts/umsb.fd
File: umsb.fd 2009/06/22 v3.00 AMS symbols B
)
LaTeX Font Info:    Try loading font information for OMS+cmr on input line 69.

(/usr/share/texmf-texlive/tex/latex/base/omscmr.fd
File: omscmr.fd 1999/05/25 v2.5h Standard LaTeX font definitions
)
LaTeX Font Info:    Font shape `OMS/cmr/m/n' in size <9> not available
(Font)              Font shape `OMS/cmsy/m/n' tried instead on input line 69.

Overfull \hbox (2.34175pt too wide) in paragraph at lines 73--74
\OT1/cmr/m/n/9 al-go-rithm. The al-go-rithm fol-lows the tra-di-tional generate
-update method-
 []


LaTeX Warning: Citation `ref' on page 1 undefined on input line 79.


LaTeX Warning: Citation `ref' on page 1 undefined on input line 79.


LaTeX Warning: Citation `ref' on page 1 undefined on input line 79.


LaTeX Warning: Citation `ref' on page 1 undefined on input line 79.


LaTeX Warning: Citation `ref ' on page 1 undefined on input line 79.


LaTeX Warning: Citation `ref' on page 1 undefined on input line 79.


LaTeX Warning: Citation `cha' on page 1 undefined on input line 83.


LaTeX Warning: Citation `phil' on page 1 undefined on input line 83.


LaTeX Warning: Citation `uvmp' on page 1 undefined on input line 83.


LaTeX Warning: Citation `ecga' on page 1 undefined on input line 83.


LaTeX Warning: Citation `mccall' on page 1 undefined on input line 83.


LaTeX Warning: Citation `ltga' on page 1 undefined on input line 83.

[1


]

LaTeX Warning: Citation `moneda' on page 2 undefined on input line 85.


LaTeX Warning: Citation `singapore' on page 2 undefined on input line 85.


LaTeX Warning: Citation `ref' on page 2 undefined on input line 87.

[2]

LaTeX Warning: Citation `hinton2006reducing' on page 3 undefined on input line 
101.


LaTeX Warning: Citation `vincent2008extracting' on page 3 undefined on input li
ne 105.


LaTeX Warning: Citation `Watson' on page 3 undefined on input line 117.

[3]

LaTeX Warning: Citation `bishop1995neural' on page 4 undefined on input line 14
5.


! LaTeX Error: Cannot determine size of graphic in images/boxplots_basins.png (
no BoundingBox).

See the LaTeX manual or LaTeX Companion for explanation.
Type  H <return>  for immediate help.
 ...                                              
                                                  
l.149 ....6\textwidth]{images/boxplots_basins.png}
                                                  
? q
OK, entering \batchmode...
File: images/boxplots_basins.png Graphic file (type eps)
 <images/boxplots_basins.png>

! LaTeX Error: Cannot determine size of graphic in images/hiff-8-transition.png
 (no BoundingBox).

See the LaTeX manual or LaTeX Companion for explanation.
Type  H <return>  for immediate help.
 ...                                              
                                                  
l.157 ...\textwidth]{images/hiff-8-transition.png}
                                                  
Try typing  <return>  to proceed.
If that doesn't work, type  X <return>  to quit.

File: images/hiff-8-transition.png Graphic file (type eps)
 <images/hiff-8-transition.png> [4]

LaTeX Warning: Citation `ref' on page 5 undefined on input line 181.

 [5]

LaTeX Warning: Citation `ref' on page 6 undefined on input line 185.

 [6]

LaTeX Warning: Citation `mitchell' on page 7 undefined on input line 188.


Underfull \hbox (badness 10000) in paragraph at lines 188--190

 []


LaTeX Warning: Citation `watson_evolution' on page 7 undefined on input line 20
4.


LaTeX Warning: Citation `Igel benchmarking' on page 7 undefined on input line 2
07.

 [7]

Package caption Warning: \label before \caption on input line 226.
See the caption package documentation for explanation.


LaTeX Warning: Reference `table:main_results' on page 8 undefined on input line
 209.


Underfull \hbox (badness 10000) in paragraph at lines 219--219
[]\OT1/cmr/m/n/9 Knapsack
 []


Underfull \hbox (badness 10000) in paragraph at lines 221--221
[]\OT1/cmr/m/n/9 Knapsack
 []


Overfull \hbox (38.38046pt too wide) in paragraph at lines 212--227
[][]
 []


Package caption Warning: \label before \caption on input line 226.
See the caption package documentation for explanation.


LaTeX Warning: Reference `table:main_results' on page 8 undefined on input line
 230.

 [8]

Package caption Warning: \label before \caption on input line 248.
See the caption package documentation for explanation.


LaTeX Warning: Reference `table:continuous_results' on page 9 undefined on inpu
t line 233.


Underfull \hbox (badness 10000) in paragraph at lines 241--241
[]\OT1/cmr/m/n/9 Rosenbrock
 []


Underfull \hbox (badness 10000) in paragraph at lines 244--244
[]\OT1/cmr/m/n/9 Rastrigin
 []


Overfull \hbox (70.55728pt too wide) in paragraph at lines 235--249
[][]
 []


Overfull \hbox (56.88594pt too wide) in paragraph at lines 257--264
[][]
 []


! LaTeX Error: Cannot determine size of graphic in images/boxy_square_cmap.png 
(no BoundingBox).

See the LaTeX manual or LaTeX Companion for explanation.
Type  H <return>  for immediate help.
 ...                                              
                                                  
l.269 ...0\textwidth]{images/boxy_square_cmap.png}
                                                  
Try typing  <return>  to proceed.
If that doesn't work, type  X <return>  to quit.

File: images/boxy_square_cmap.png Graphic file (type eps)
 <images/boxy_square_cmap.png>

LaTeX Warning: No positions in optional float specifier.
               Default added (so using `!htbp') on input line 275.


! LaTeX Error: Cannot determine size of graphic in images/first_pop.png (no Bou
ndingBox).

See the LaTeX manual or LaTeX Companion for explanation.
Type  H <return>  for immediate help.
 ...                                              
                                                  
l.283 }
       
Try typing  <return>  to proceed.
If that doesn't work, type  X <return>  to quit.

File: images/first_pop.png Graphic file (type eps)
 <images/first_pop.png>

! LaTeX Error: Cannot determine size of graphic in images/no_learning.png (no B
oundingBox).

See the LaTeX manual or LaTeX Companion for explanation.
Type  H <return>  for immediate help.
 ...                                              
                                                  
l.290 }
       
Try typing  <return>  to proceed.
If that doesn't work, type  X <return>  to quit.

File: images/no_learning.png Graphic file (type eps)
 <images/no_learning.png> (./autoencoder_ppsn.bbl [9]) [10] [11] [12] (./autoen
coder_ppsn.aux)

LaTeX Warning: There were undefined references.


LaTeX Warning: There were multiply-defined labels.

 ) 
Here is how much of TeX's memory you used:
 3036 strings out of 495062
 40905 string characters out of 1182645
 132489 words of memory out of 3000000
 6191 multiletter control sequences out of 15000+50000
 11544 words of font info for 44 fonts, out of 3000000 for 9000
 28 hyphenation exceptions out of 8191
 36i,10n,38p,1696b,346s stack positions out of 5000i,500n,10000p,200000b,50000s

Output written on autoencoder_ppsn.dvi (12 pages, 42744 bytes).
